<?xml version="1.0" encoding="UTF-8"?>
<!-- Generated by org.testng.reporters.JUnitReportReporter -->
<testsuite hostname="DESKTOP-3SF08TN" failures="0" tests="1" name="TestClasses.formTestClass" time="4.455" errors="0" timestamp="2020-11-11T16:55:17 SAST" skipped="0">
  <testcase classname="TestClasses.formTestClass" name="formTest" time="4.455"/>
  <system-out/>
</testsuite> <!-- TestClasses.formTestClass -->
