<?xml version="1.0" encoding="UTF-8"?>
<!-- Generated by org.testng.reporters.JUnitReportReporter -->
<testsuite skipped="1" hostname="macbookair44" name="tests.BaseClass" tests="2" failures="0" timestamp="2020-07-09T13:06:59 SAST" time="30.743" errors="0">
  <testcase name="chromeTest" time="30.743" classname="tests.BaseClass"/>
  <system-out/>
  <testcase name="fireFoxTest" classname="tests.BaseClass">
    <skipped/>
  </testcase> <!-- fireFoxTest -->
  <system-out/>
</testsuite> <!-- tests.BaseClass -->
