<?xml version="1.0" encoding="UTF-8"?>
<!-- Generated by org.testng.reporters.JUnitReportReporter -->
<testsuite hostname="DESKTOP-VELA3O5" failures="0" tests="1" name="TestClasses.formTestClass" time="9.177" errors="0" timestamp="2020-11-06T07:38:05 SAST" skipped="0">
  <testcase classname="TestClasses.formTestClass" name="formTest" time="9.177"/>
  <system-out/>
</testsuite> <!-- TestClasses.formTestClass -->
