<?xml version="1.0" encoding="UTF-8"?>
<!-- Generated by org.testng.reporters.JUnitReportReporter -->
<testsuite hostname="DESKTOP-VELA3O5" failures="0" tests="1" name="test.classes.formTestClass" time="8.586" errors="0" timestamp="2020-10-27T19:25:58 SAST" skipped="0">
  <testcase classname="test.classes.formTestClass" name="formTest" time="8.586"/>
  <system-out/>
</testsuite> <!-- test.classes.formTestClass -->
