<?xml version="1.0" encoding="UTF-8"?>
<!-- Generated by org.testng.reporters.JUnitReportReporter -->
<testsuite hostname="DESKTOP-VELA3O5" failures="0" tests="1" name="tests.testingInChrome" time="68.537" errors="0" timestamp="2020-10-27T11:10:48 SAST" skipped="0">
  <testcase classname="tests.testingInChrome" name="chromeTest" time="68.537"/>
  <system-out/>
</testsuite> <!-- tests.testingInChrome -->
